> Task :app:checkKotlinGradlePluginConfigurationErrors SKIPPED
> Task :app:preBuild UP-TO-DATE
> Task :app:preDebugBuild UP-TO-DATE
> Task :app:checkDebugAarMetadata UP-TO-DATE
> Task :app:processDebugNavigationResources UP-TO-DATE
> Task :app:compileDebugNavigationResources UP-TO-DATE
> Task :app:generateDebugResValues UP-TO-DATE
> Task :app:mapDebugSourceSetPaths UP-TO-DATE
> Task :app:generateDebugResources UP-TO-DATE
> Task :app:mergeDebugResources UP-TO-DATE
> Task :app:packageDebugResources UP-TO-DATE
> Task :app:parseDebugLocalResources UP-TO-DATE
> Task :app:createDebugCompatibleScreenManifests UP-TO-DATE
> Task :app:extractDeepLinksDebug UP-TO-DATE
> Task :app:processDebugMainManifest UP-TO-DATE
> Task :app:processDebugManifest UP-TO-DATE
> Task :app:processDebugManifestForPackage UP-TO-DATE
> Task :app:processDebugResources UP-TO-DATE
> Task :app:kspDebugKotlin UP-TO-DATE
./gradlew : e: file:///C:/Users/kasutaja/Documents/Ahti/Android
Projects/audioloop/app/src/main/java/com/example/audioloop/ui/c
omponents/NavigationAndOverlays.kt:58:13 @Composable invocation
s can only happen from the context of a @Composable function
At line:1 char:1
+ ./gradlew compileDebugKotlin 2>&1 | Out-File -Encoding ascii 
compile. ...
+ ~~~~~~~~~~~~~~~~~~~~~~~~~~~~~~~~~
    + CategoryInfo          : NotSpecified: (e: file:///C:/U.. 
   .osable function:String) [], RemoteException
    + FullyQualifiedErrorId : NativeCommandError
 
e: file:///C:/Users/kasutaja/Documents/Ahti/AndroidProjects/aud
ioloop/app/src/main/java/com/example/audioloop/ui/components/Na
vigationAndOverlays.kt:60:9 No parameter with name 'tonalElevat
ion' found.

e: file:///C:/Users/kasutaja/Documents/Ahti/AndroidProjects/aud
ioloop/app/src/main/java/com/example/audioloop/ui/components/Na
vigationAndOverlays.kt:63:31 @Composable invocations can only h
appen from the context of a @Composable function
> Task :app:compileDebugKotlin FAILED
e: file:///C:/Users/kasutaja/Documents/Ahti/AndroidProjects/aud
ioloop/app/src/main/java/com/example/audioloop/ui/components/Na
vigationAndOverlays.kt:64:30 @Composable invocations can only h
appen from the context of a @Composable function
e: file:///C:/Users/kasutaja/Documents/Ahti/AndroidProjects/aud
ioloop/app/src/main/java/com/example/audioloop/ui/components/Na
vigationAndOverlays.kt:65:29 @Composable invocations can only h
appen from the context of a @Composable function
e: file:///C:/Users/kasutaja/Documents/Ahti/AndroidProjects/aud
ioloop/app/src/main/java/com/example/audioloop/ui/components/Na
vigationAndOverlays.kt:66:32 @Composable invocations can only h
appen from the context of a @Composable function
e: file:///C:/Users/kasutaja/Documents/Ahti/AndroidProjects/aud
ioloop/app/src/main/java/com/example/audioloop/ui/components/Na
vigationAndOverlays.kt:69:13 @Composable invocations can only h
appen from the context of a @Composable function
e: file:///C:/Users/kasutaja/Documents/Ahti/AndroidProjects/aud
ioloop/app/src/main/java/com/example/audioloop/ui/components/Na
vigationAndOverlays.kt:74:53 @Composable invocations can only h
appen from the context of a @Composable function
e: file:///C:/Users/kasutaja/Documents/Ahti/AndroidProjects/aud
ioloop/app/src/main/java/com/example/audioloop/ui/components/Na
vigationAndOverlays.kt:75:55 @Composable invocations can only h
appen from the context of a @Composable function
e: file:///C:/Users/kasutaja/Documents/Ahti/AndroidProjects/aud
ioloop/app/src/main/java/com/example/audioloop/ui/components/Na
vigationAndOverlays.kt:76:55 @Composable invocations can only h
appen from the context of a @Composable function
e: file:///C:/Users/kasutaja/Documents/Ahti/AndroidProjects/aud
ioloop/app/src/main/java/com/example/audioloop/ui/components/Na
vigationAndOverlays.kt:77:52 @Composable invocations can only h
appen from the context of a @Composable function
e: file:///C:/Users/kasutaja/Documents/Ahti/AndroidProjects/aud
ioloop/app/src/main/java/com/example/audioloop/ui/components/Na
vigationAndOverlays.kt:78:57 @Composable invocations can only h
appen from the context of a @Composable function
e: file:///C:/Users/kasutaja/Documents/Ahti/AndroidProjects/aud
ioloop/app/src/main/java/com/example/audioloop/ui/components/Na
vigationAndOverlays.kt:79:57 @Composable invocations can only h
appen from the context of a @Composable function

FAILURE: Build failed with an exception.

* What went wrong:
Execution failed for task ':app:compileDebugKotlin'.
> A failure occurred while executing org.jetbrains.kotlin.compi
lerRunner.GradleCompilerRunnerWithWorkers$GradleKotlinCompilerW
orkAction
   > Compilation error. See log for more details

* Try:
> Run with --stacktrace option to get the stack trace.
> Run with --info or --debug option to get more log output.
> Run with --scan to get full insights.
> Get more help at https://help.gradle.org.

BUILD FAILED in 4s
17 actionable tasks: 1 executed, 16 up-to-date
